TN:
SF:src\modules\accounts\infra\typeorm\entities\User.ts
FN:30,User
FNF:1
FNH:1
FNDA:2,User
DA:1,1
DA:2,1
DA:3,1
DA:4,1
DA:5,1
DA:6,1
DA:7,1
DA:8,1
DA:9,1
DA:10,1
DA:11,1
DA:12,1
DA:13,1
DA:14,1
DA:15,1
DA:16,1
DA:17,1
DA:18,1
DA:19,1
DA:20,1
DA:21,1
DA:22,1
DA:23,1
DA:24,1
DA:25,1
DA:26,1
DA:27,1
DA:28,1
DA:29,1
DA:30,1
DA:31,2
DA:32,2
DA:33,2
DA:34,2
DA:35,1
DA:36,1
DA:37,1
LF:37
LH:37
BRDA:5,0,0,1
BRDA:30,1,0,2
BRF:2
BRH:2
end_of_record
TN:
SF:src\modules\accounts\repositories\in-memory\UsersRepositoryInMemory.ts
FN:6,UsersRepositoryInMemory
FN:9,Object.<anonymous>.UsersRepositoryInMemory.create
FN:27,Object.<anonymous>.UsersRepositoryInMemory.findByEmail
FN:33,Object.<anonymous>.UsersRepositoryInMemory.findById
FNF:4
FNH:3
FNDA:3,UsersRepositoryInMemory
FNDA:2,Object.<anonymous>.UsersRepositoryInMemory.create
FNDA:9,Object.<anonymous>.UsersRepositoryInMemory.findByEmail
FNDA:0,Object.<anonymous>.UsersRepositoryInMemory.findById
DA:1,1
DA:2,1
DA:3,1
DA:4,1
DA:5,1
DA:6,3
DA:7,3
DA:8,3
DA:9,3
DA:10,2
DA:11,2
DA:12,2
DA:13,2
DA:14,2
DA:15,2
DA:16,2
DA:17,2
DA:18,2
DA:19,2
DA:20,2
DA:21,2
DA:22,2
DA:23,2
DA:24,2
DA:25,2
DA:26,3
DA:27,3
DA:28,9
DA:29,9
DA:30,9
DA:31,9
DA:32,3
DA:33,3
DA:34,0
DA:35,0
DA:36,0
DA:37,0
DA:38,3
DA:39,1
DA:40,1
LF:40
LH:36
BRDA:6,0,0,1
BRDA:6,1,0,3
BRDA:9,2,0,2
BRDA:27,3,0,9
BRDA:28,4,0,4
BRF:5
BRH:5
end_of_record
TN:
SF:src\modules\accounts\useCases\authenticateUser\AuthenticateUserUseCase.ts
FN:24,AuthenticateUserUseCase
FN:31,Object.<anonymous>.AuthenticateUserUseCase.execute
FNF:2
FNH:2
FNDA:3,AuthenticateUserUseCase
FNDA:7,Object.<anonymous>.AuthenticateUserUseCase.execute
DA:1,1
DA:2,1
DA:3,1
DA:4,1
DA:5,1
DA:6,1
DA:7,1
DA:8,1
DA:9,1
DA:10,1
DA:11,1
DA:12,1
DA:13,1
DA:14,1
DA:15,1
DA:16,1
DA:17,1
DA:18,1
DA:19,1
DA:20,1
DA:21,1
DA:22,1
DA:23,1
DA:24,1
DA:25,3
DA:26,3
DA:27,3
DA:28,3
DA:29,3
DA:30,1
DA:31,1
DA:32,7
DA:33,7
DA:34,7
DA:35,3
DA:36,3
DA:37,3
DA:38,3
DA:39,3
DA:40,4
DA:41,4
DA:42,7
DA:43,7
DA:44,0
DA:45,0
DA:46,0
DA:47,0
DA:48,0
DA:49,7
DA:50,7
DA:51,7
DA:52,7
DA:53,7
DA:54,7
DA:55,7
DA:56,7
DA:57,7
DA:58,7
DA:59,7
DA:60,7
DA:61,7
DA:62,7
DA:63,7
DA:64,7
DA:65,1
DA:66,1
DA:67,1
LF:67
LH:62
BRDA:23,0,0,1
BRDA:24,1,0,3
BRDA:31,2,0,7
BRDA:32,3,0,7
BRDA:34,4,0,3
BRDA:40,5,0,4
BRDA:43,6,0,0
BRF:7
BRH:6
end_of_record
TN:
SF:src\modules\accounts\useCases\createUser\CreateUserUseCase.ts
FN:11,CreateUserUseCase
FN:18,Object.<anonymous>.CreateUserUseCase.execute
FNF:2
FNH:2
FNDA:3,CreateUserUseCase
FNDA:2,Object.<anonymous>.CreateUserUseCase.execute
DA:1,1
DA:2,1
DA:3,1
DA:4,1
DA:5,1
DA:6,1
DA:7,1
DA:8,1
DA:9,1
DA:10,1
DA:11,1
DA:12,3
DA:13,3
DA:14,3
DA:15,3
DA:16,3
DA:17,1
DA:18,1
DA:19,2
DA:20,2
DA:21,2
DA:22,2
DA:23,2
DA:24,2
DA:25,2
DA:26,2
DA:27,2
DA:28,2
DA:29,0
DA:30,0
DA:31,0
DA:32,0
DA:33,0
DA:34,2
DA:35,2
DA:36,2
DA:37,2
DA:38,2
DA:39,2
DA:40,2
DA:41,2
DA:42,2
DA:43,2
DA:44,1
DA:45,1
DA:46,1
LF:46
LH:41
BRDA:10,0,0,1
BRDA:11,1,0,3
BRDA:18,2,0,2
BRDA:24,3,0,2
BRDA:28,4,0,0
BRF:5
BRH:4
end_of_record
TN:
SF:src\modules\cars\infra\typeorm\entities\Category.ts
FN:21,Category
FNF:1
FNH:1
FNDA:4,Category
DA:1,1
DA:2,1
DA:3,1
DA:4,1
DA:5,1
DA:6,1
DA:7,1
DA:8,1
DA:9,1
DA:10,1
DA:11,1
DA:12,1
DA:13,1
DA:14,1
DA:15,1
DA:16,1
DA:17,1
DA:18,1
DA:19,1
DA:20,1
DA:21,1
DA:22,4
DA:23,4
DA:24,4
DA:25,4
DA:26,1
DA:27,1
DA:28,1
LF:28
LH:28
BRDA:5,0,0,1
BRDA:21,1,0,4
BRF:2
BRH:2
end_of_record
TN:
SF:src\modules\cars\repositories\in-memory\CategoriesRepositoryInMemory.ts
FN:8,CategoriesRepositoryInMemory
FN:11,Object.<anonymous>.CategoriesRepositoryInMemory.create
FN:22,Object.<anonymous>.CategoriesRepositoryInMemory.findByName
FN:28,Object.<anonymous>.CategoriesRepositoryInMemory.list
FNF:4
FNH:3
FNDA:2,CategoriesRepositoryInMemory
FNDA:4,Object.<anonymous>.CategoriesRepositoryInMemory.create
FNDA:8,Object.<anonymous>.CategoriesRepositoryInMemory.findByName
FNDA:0,Object.<anonymous>.CategoriesRepositoryInMemory.list
DA:1,1
DA:2,1
DA:3,1
DA:4,1
DA:5,1
DA:6,1
DA:7,1
DA:8,2
DA:9,2
DA:10,2
DA:11,2
DA:12,4
DA:13,4
DA:14,4
DA:15,4
DA:16,4
DA:17,4
DA:18,4
DA:19,4
DA:20,4
DA:21,2
DA:22,2
DA:23,8
DA:24,8
DA:25,8
DA:26,8
DA:27,2
DA:28,2
DA:29,0
DA:30,0
DA:31,2
DA:32,1
DA:33,1
LF:33
LH:31
BRDA:8,0,0,1
BRDA:8,1,0,2
BRDA:11,2,0,4
BRDA:22,3,0,8
BRDA:23,4,0,4
BRF:5
BRH:5
end_of_record
TN:
SF:src\modules\cars\useCases\createCategory\CreateCategoryUseCase.ts
FN:14,CreateCategoryUseCase
FN:21,Object.<anonymous>.CreateCategoryUseCase.execute
FNF:2
FNH:2
FNDA:2,CreateCategoryUseCase
FNDA:7,Object.<anonymous>.CreateCategoryUseCase.execute
DA:1,1
DA:2,1
DA:3,1
DA:4,1
DA:5,1
DA:6,1
DA:7,1
DA:8,1
DA:9,1
DA:10,1
DA:11,1
DA:12,1
DA:13,1
DA:14,1
DA:15,2
DA:16,2
DA:17,2
DA:18,2
DA:19,2
DA:20,1
DA:21,1
DA:22,7
DA:23,7
DA:24,7
DA:25,7
DA:26,7
DA:27,3
DA:28,3
DA:29,4
DA:30,4
DA:31,7
DA:32,1
DA:33,1
DA:34,1
LF:34
LH:34
BRDA:13,0,0,1
BRDA:14,1,0,2
BRDA:21,2,0,7
BRDA:22,3,0,7
BRDA:26,4,0,3
BRDA:29,5,0,4
BRF:6
BRH:6
end_of_record
TN:
SF:src\shared\errors\AppError.ts
FN:7,AppError
FNF:1
FNH:1
FNDA:9,AppError
DA:1,1
DA:2,1
DA:3,2
DA:4,2
DA:5,2
DA:6,2
DA:7,2
DA:8,9
DA:9,9
DA:10,9
DA:11,2
LF:11
LH:11
BRDA:3,0,0,2
BRDA:7,1,0,9
BRF:2
BRH:2
end_of_record
TN:
SF:src\shared\errors\HttpStatusCode.ts
FNF:0
FNH:0
DA:1,2
DA:2,2
DA:3,2
DA:4,2
DA:5,2
DA:6,2
DA:7,2
LF:7
LH:7
BRDA:1,0,0,2
BRF:1
BRH:1
end_of_record
